{"uuid":"a18e8fd8-701c-4158-b7a1-178b5902fc7e","historyId":"af1d84df25964bbd1cd96ffea162d7fe","fullName":"com.sqs.prestatests.PrestaResponsiveTests.checkSignInPageResponsiveDesign","labels":[{"name":"package","value":"com.sqs.prestatests.PrestaResponsiveTests"},{"name":"testClass","value":"com.sqs.prestatests.PrestaResponsiveTests"},{"name":"testMethod","value":"checkSignInPageResponsiveDesign"},{"name":"parentSuite","value":"ResponsiveTests"},{"name":"suite","value":"GalaxyS9Test"},{"name":"subSuite","value":"com.sqs.prestatests.PrestaResponsiveTests"},{"name":"host","value":"Andys-MacBook-Pro-3.local"},{"name":"thread","value":"77982@Andys-MacBook-Pro-3.local.TestNG-tests-2(14)"}],"links":[],"name":"Verify the SignIn Page","status":"failed","statusDetails":{"known":false,"muted":false,"flaky":false,"message":"java.lang.AssertionError","trace":"java.lang.AssertionError\n\tat org.junit.Assert.fail(Assert.java:86)\n\tat org.junit.Assert.assertTrue(Assert.java:41)\n\tat org.junit.Assert.assertTrue(Assert.java:52)\n\tat com.sqs.prestatests.PrestaResponsiveTests.checkSignInPageResponsiveDesign(PrestaResponsiveTests.java:29)\n\tat sun.reflect.NativeMethodAccessorImpl.invoke0(Native Method)\n\tat sun.reflect.NativeMethodAccessorImpl.invoke(NativeMethodAccessorImpl.java:62)\n\tat sun.reflect.DelegatingMethodAccessorImpl.invoke(DelegatingMethodAccessorImpl.java:43)\n\tat java.lang.reflect.Method.invoke(Method.java:497)\n\tat org.testng.internal.MethodInvocationHelper.invokeMethod(MethodInvocationHelper.java:108)\n\tat org.testng.internal.Invoker.invokeMethod(Invoker.java:661)\n\tat org.testng.internal.Invoker.invokeTestMethod(Invoker.java:869)\n\tat org.testng.internal.Invoker.invokeTestMethods(Invoker.java:1193)\n\tat org.testng.internal.TestMethodWorker.invokeTestMethods(TestMethodWorker.java:126)\n\tat org.testng.internal.TestMethodWorker.run(TestMethodWorker.java:109)\n\tat org.testng.TestRunner.privateRun(TestRunner.java:744)\n\tat org.testng.TestRunner.run(TestRunner.java:602)\n\tat org.testng.SuiteRunner.runTest(SuiteRunner.java:380)\n\tat org.testng.SuiteRunner.access$000(SuiteRunner.java:39)\n\tat org.testng.SuiteRunner$SuiteWorker.run(SuiteRunner.java:414)\n\tat org.testng.internal.thread.ThreadUtil$1.call(ThreadUtil.java:52)\n\tat java.util.concurrent.FutureTask.run(FutureTask.java:266)\n\tat java.util.concurrent.ThreadPoolExecutor.runWorker(ThreadPoolExecutor.java:1142)\n\tat java.util.concurrent.ThreadPoolExecutor$Worker.run(ThreadPoolExecutor.java:617)\n\tat java.lang.Thread.run(Thread.java:745)\n"},"stage":"finished","start":1567592403182,"stop":1567592418398,"parameters":[{"name":"device","value":"GalaxyS9"},{"name":"webDriverVersion","value":"75.0.3770.8"},{"name":"browser","value":"Chrome"},{"name":"arg0","value":"GalaxyS9"}]}